+--------------------+--------------------+
| SUM(sales)         | AVG(sales)         |
+--------------------+--------------------+
| 14647187.904000023 | 1757.1002763915576 |
+--------------------+--------------------+
1 row in set (0.01 sec)

+-----------------------+-----------------+
| Region                | no_of_customers |
+-----------------------+-----------------+
| WEST                  |             382 |
| ATLANTIC              |             344 |
| ONTARIO               |             337 |
| PRARIE                |             313 |
| QUEBEC                |             210 |
| YUKON                 |             130 |
| NORTHWEST TERRITORIES |              76 |
| NUNAVUT               |              40 |
+-----------------------+-----------------+
8 rows in set (0.04 sec)

+--------+-----------------+
| Region | no_of_customers |
+--------+-----------------+
| WEST   |             382 |
+--------+-----------------+
1 row in set (0.03 sec)

+---------+---------------------+
| Prod_id | no_of_products_sold |
+---------+---------------------+
| Prod_14 |                2128 |
| Prod_16 |                3931 |
| Prod_10 |                4777 |
| Prod_7  |                4920 |
| Prod_9  |                6578 |
| Prod_12 |                7301 |
| Prod_17 |                7856 |
| Prod_11 |                8864 |
| Prod_15 |                8903 |
| Prod_2  |               10901 |
| Prod_1  |               13343 |
| Prod_13 |               16980 |
| Prod_8  |               19222 |
| Prod_5  |               20648 |
| Prod_4  |               22969 |
| Prod_3  |               22992 |
| Prod_6  |               30871 |
+---------+---------------------+
17 rows in set (0.01 sec)

+---------------------+------------------------+
| Customer_Name       | no_of_tables_purchased |
+---------------------+------------------------+
| ALEKSANDRA GANNAWAY |                     49 |
| ANEMONE RATNER      |                      8 |
| BARRY FRANZ         |                      7 |
| BECKY MARTIN        |                     18 |
| BEN PETERMAN        |                     23 |
| BOBBY TRAFTON       |                     50 |
| BRADLEY TALBOTT     |                     29 |
| BRIAN STUGART       |                     10 |
| CARLOS MEADOR       |                      6 |
| CARLOS SOLTERO      |                     46 |
| CATHY ARMSTRONG     |                     37 |
| CHRISTINA DEMOSS    |                     21 |
| CHRISTY BRITTAIN    |                     35 |
| CHUCK CLARK         |                     46 |
| CHUCK SACHS         |                     39 |
| CRAIG YEDWAB        |                     20 |
| DAVID FLASHING      |                     40 |
| DEBRA CATINI        |                      4 |
| DENISE LEINENBACH   |                     30 |
| ELENI MCCRARY       |                     49 |
| ERICA BERN          |                     45 |
| ERIN MULL           |                     12 |
| FRANK ATKINSON      |                     43 |
| GEORGE ZREBASSA     |                     20 |
| GREG GUTHRIE        |                     38 |
| IONIA MCGRATH       |                     24 |
| IVAN LISTON         |                      9 |
| JACK LEBRON         |                     23 |
| JACK O'BRIANT       |                     24 |
| JAMES GALANG        |                      8 |
| JENNIFER PATT       |                     16 |
| JOY SMITH           |                     36 |
| MATT ABELMAN        |                     25 |
| MUHAMMED YEDWAB     |                     59 |
| NATHAN CANO         |                      3 |
| NONA BALK           |                     12 |
| NORA PAIGE          |                     20 |
| PATRICK JONES       |                     44 |
| RICK DUSTON         |                     48 |
| SALLY MATTHIAS      |                      8 |
| SYLVIA FOULSTON     |                     42 |
| TANJA NORVELL       |                      4 |
+---------------------+------------------------+
42 rows in set (0.01 sec)

+------------------+---------+
| Product_Category | Profit  |
+------------------+---------+
| TECHNOLOGY       |   287.5 |
| FURNITURE        | -317.48 |
| OFFICE SUPPLIES  | -929.68 |
+------------------+---------+
3 rows in set (0.03 sec)

+------------------+--------------------------------+---------+
| Product_Category | Product_Sub_Category           | Profit  |
+------------------+--------------------------------+---------+
| FURNITURE        | BOOKCASES                      | -317.48 |
| FURNITURE        | CHAIRS & CHAIRMATS             | 4089.27 |
| FURNITURE        | OFFICE FURNISHINGS             | -103.48 |
| FURNITURE        | TABLES                         | -693.23 |
| OFFICE SUPPLIES  | APPLIANCES                     | 1675.98 |
| OFFICE SUPPLIES  | BINDERS AND BINDER ACCESSORIES |    3.46 |
| OFFICE SUPPLIES  | ENVELOPES                      |  193.12 |
| OFFICE SUPPLIES  | LABELS                         |    1.32 |
| OFFICE SUPPLIES  | PAPER                          |  729.34 |
| OFFICE SUPPLIES  | PENS & ART SUPPLIES            |    4.56 |
| OFFICE SUPPLIES  | RUBBER BANDS                   |   -0.71 |
| OFFICE SUPPLIES  | SCISSORS, RULERS AND TRIMMERS  |  -30.51 |
| OFFICE SUPPLIES  | STORAGE & ORGANIZATION         | -929.68 |
| TECHNOLOGY       | COMPUTER PERIPHERALS           |  -27.13 |
| TECHNOLOGY       | COPIERS AND FAX                |   287.5 |
| TECHNOLOGY       | OFFICE MACHINES                | 1219.87 |
| TECHNOLOGY       | TELEPHONES AND COMMUNICATION   |  1148.9 |
+------------------+--------------------------------+---------+
17 rows in set (0.04 sec)

+-----------------------+-----------------+---------+
| region                | no_of_shipments | Profit  |
+-----------------------+-----------------+---------+
| PRARIE                |             117 | 1558.79 |
| YUKON                 |              43 | 1547.78 |
| NORTHWEST TERRITORIES |              31 |  -30.48 |
| ATLANTIC              |              63 |  -43.52 |
| WEST                  |              99 |  -71.44 |
| NUNAVUT               |               4 | -141.27 |
| QUEBEC                |              60 | -326.47 |
| ONTARIO               |             108 | -929.68 |
+-----------------------+-----------------+---------+
8 rows in set (0.03 sec)

