+-------------+-----------+
| total_sales | avg_sales |
+-------------+-----------+
| 14647187.90 |   1757.10 |
+-------------+-----------+
1 row in set (0.00 sec)

+-----------------------+----------------+
| Region                | no_of_customer |
+-----------------------+----------------+
| WEST                  |            382 |
| ATLANTIC              |            344 |
| ONTARIO               |            337 |
| PRARIE                |            313 |
| QUEBEC                |            210 |
| YUKON                 |            130 |
| NORTHWEST TERRITORIES |             76 |
| NUNAVUT               |             40 |
+-----------------------+----------------+
8 rows in set (0.03 sec)

+--------+---------------------+
| Region | max(no_of_customer) |
+--------+---------------------+
| WEST   |                 382 |
+--------+---------------------+
1 row in set (0.06 sec)

+------------+---------------------+
| product id | no_of_products sold |
+------------+---------------------+
| Prod_6     |               30871 |
| Prod_3     |               22992 |
| Prod_4     |               22969 |
| Prod_5     |               20648 |
| Prod_8     |               19222 |
| Prod_13    |               16980 |
| Prod_1     |               13343 |
| Prod_2     |               10901 |
| Prod_15    |                8903 |
| Prod_11    |                8864 |
| Prod_17    |                7856 |
| Prod_12    |                7301 |
| Prod_9     |                6578 |
| Prod_7     |                4920 |
| Prod_10    |                4777 |
| Prod_16    |                3931 |
| Prod_14    |                2128 |
+------------+---------------------+
17 rows in set (0.01 sec)

+---------------------+--------------+
| customer name       | no_of_tables |
+---------------------+--------------+
| IONIA MCGRATH       |           24 |
| PATRICK JONES       |           44 |
| NONA BALK           |           12 |
| ERIN MULL           |           12 |
| SYLVIA FOULSTON     |           42 |
| JACK LEBRON         |           23 |
| MUHAMMED YEDWAB     |           30 |
| JAMES GALANG        |            8 |
| CHRISTINA DEMOSS    |           21 |
| ANEMONE RATNER      |            8 |
| ALEKSANDRA GANNAWAY |           49 |
| JOY SMITH           |           36 |
| GREG GUTHRIE        |           38 |
| FRANK ATKINSON      |           43 |
| CARLOS SOLTERO      |           46 |
| ERICA BERN          |           45 |
| CHUCK CLARK         |           46 |
| TANJA NORVELL       |            4 |
| CATHY ARMSTRONG     |           37 |
| SALLY MATTHIAS      |            8 |
| NATHAN CANO         |            3 |
| MATT ABELMAN        |           25 |
| JACK O'BRIANT       |           24 |
| IVAN LISTON         |            9 |
| BOBBY TRAFTON       |           50 |
| MUHAMMED YEDWAB     |           29 |
| GEORGE ZREBASSA     |           20 |
| BARRY FRANZ         |            7 |
| RICK DUSTON         |           48 |
| DAVID FLASHING      |           40 |
| CHUCK SACHS         |           39 |
| CARLOS MEADOR       |            6 |
| CHRISTY BRITTAIN    |           35 |
| ELENI MCCRARY       |           49 |
| BRADLEY TALBOTT     |           29 |
| CRAIG YEDWAB        |           20 |
| BEN PETERMAN        |           23 |
| DENISE LEINENBACH   |           30 |
| DEBRA CATINI        |            4 |
| BECKY MARTIN        |           18 |
| NORA PAIGE          |           20 |
| JENNIFER PATT       |           16 |
| BRIAN STUGART       |           10 |
+---------------------+--------------+
43 rows in set (0.01 sec)

+------------------+-----------+
| product_category | profits   |
+------------------+-----------+
| TECHNOLOGY       | 886313.52 |
| OFFICE SUPPLIES  | 524956.77 |
| FURNITURE        |  75968.73 |
+------------------+-----------+
3 rows in set (0.01 sec)

+------------------+--------------------------------+------------+
| product_category | product_sub_category           | profits    |
+------------------+--------------------------------+------------+
| FURNITURE        | BOOKCASES                      |  -33729.09 |
| FURNITURE        | CHAIRS & CHAIRMATS             |  122738.07 |
| FURNITURE        | OFFICE FURNISHINGS             |  100427.93 |
| FURNITURE        | TABLES                         | -113468.18 |
| OFFICE SUPPLIES  | APPLIANCES                     |   97158.06 |
| OFFICE SUPPLIES  | BINDERS AND BINDER ACCESSORIES |  307413.39 |
| OFFICE SUPPLIES  | ENVELOPES                      |   48182.60 |
| OFFICE SUPPLIES  | LABELS                         |   13677.17 |
| OFFICE SUPPLIES  | PAPER                          |   45263.20 |
| OFFICE SUPPLIES  | PENS & ART SUPPLIES            |    7564.78 |
| OFFICE SUPPLIES  | RUBBER BANDS                   |    -102.67 |
| OFFICE SUPPLIES  | SCISSORS, RULERS AND TRIMMERS  |   -7799.25 |
| OFFICE SUPPLIES  | STORAGE & ORGANIZATION         |   13599.49 |
| TECHNOLOGY       | COMPUTER PERIPHERALS           |   94287.48 |
| TECHNOLOGY       | COPIERS AND FAX                |  167361.49 |
| TECHNOLOGY       | OFFICE MACHINES                |  307712.93 |
| TECHNOLOGY       | TELEPHONES AND COMMUNICATION   |  316951.62 |
+------------------+--------------------------------+------------+
17 rows in set (0.03 sec)

+-----------------------+----------------+-----------------------+
| region                | no_of_shipment | profit_in_each_region |
+-----------------------+----------------+-----------------------+
| YUKON                 |             34 |               3151.05 |
| NUNAVUT               |              1 |               -481.04 |
| NORTHWEST TERRITORIES |             10 |              -3213.11 |
| PRARIE                |             65 |              -8760.30 |
| ATLANTIC              |             44 |             -16559.73 |
| WEST                  |             69 |             -21699.79 |
| QUEBEC                |             47 |             -29957.20 |
| ONTARIO               |             79 |             -35948.06 |
+-----------------------+----------------+-----------------------+
8 rows in set (0.02 sec)

