+--------------------+--------------------+
| total_sales        | avg_sales          |
+--------------------+--------------------+
| 14647187.904000023 | 1757.1002763915576 |
+--------------------+--------------------+
1 row in set (0.01 sec)

+-----------------------+-----------------+
| Region                | no_of_customers |
+-----------------------+-----------------+
| WEST                  |             382 |
| ATLANTIC              |             344 |
| ONTARIO               |             337 |
| PRARIE                |             313 |
| QUEBEC                |             210 |
| YUKON                 |             130 |
| NORTHWEST TERRITORIES |              76 |
| NUNAVUT               |              40 |
+-----------------------+-----------------+
8 rows in set (0.03 sec)

ERROR 1064 (42000): You have an error in your SQL syntax; check the manual that corresponds to your MySQL server version for the right syntax to use near 'SELECT prod_id, SUM(Order_Quantity) AS no_of_products_sold
FROM superstoresdb.ma' at line 12
+-----------+--------------+
| Cust_id   | no_of_tables |
+-----------+--------------+
| Cust_617  |           50 |
| Cust_732  |           49 |
| Cust_1427 |           49 |
| Cust_687  |           48 |
| Cust_154  |           46 |
| Cust_283  |           46 |
| Cust_156  |           45 |
| Cust_1140 |           44 |
| Cust_153  |           43 |
| Cust_121  |           42 |
| Cust_694  |           40 |
| Cust_696  |           39 |
| Cust_151  |           38 |
| Cust_290  |           37 |
| Cust_147  |           36 |
| Cust_712  |           35 |
| Cust_751  |           30 |
| Cust_1401 |           30 |
| Cust_741  |           29 |
| Cust_647  |           29 |
| Cust_316  |           25 |
| Cust_320  |           24 |
| Cust_1137 |           24 |
| Cust_138  |           23 |
| Cust_748  |           23 |
| Cust_1409 |           21 |
| Cust_759  |           20 |
| Cust_664  |           20 |
| Cust_746  |           20 |
| Cust_754  |           18 |
| Cust_772  |           16 |
| Cust_1149 |           12 |
| Cust_1148 |           12 |
| Cust_776  |           10 |
| Cust_321  |            9 |
| Cust_1404 |            8 |
| Cust_301  |            8 |
| Cust_1418 |            8 |
| Cust_680  |            7 |
| Cust_710  |            6 |
| Cust_752  |            4 |
| Cust_285  |            4 |
| Cust_306  |            3 |
+-----------+--------------+
43 rows in set (0.03 sec)

+------------------+-------------------+
| Product_Category | Profits           |
+------------------+-------------------+
| TECHNOLOGY       | 886313.5200000014 |
| OFFICE SUPPLIES  | 524956.7699999997 |
| FURNITURE        | 75968.73000000004 |
+------------------+-------------------+
3 rows in set (0.28 sec)

+------------------+--------------------------------+---------+
| Product_Category | Product_Sub_Category           | Profits |
+------------------+--------------------------------+---------+
| FURNITURE        | CHAIRS & CHAIRMATS             | 4089.27 |
| OFFICE SUPPLIES  | APPLIANCES                     | 1675.98 |
| TECHNOLOGY       | OFFICE MACHINES                | 1219.87 |
| TECHNOLOGY       | TELEPHONES AND COMMUNICATION   |  1148.9 |
| OFFICE SUPPLIES  | PAPER                          |  729.34 |
| TECHNOLOGY       | COPIERS AND FAX                |   287.5 |
| OFFICE SUPPLIES  | ENVELOPES                      |  193.12 |
| OFFICE SUPPLIES  | PENS & ART SUPPLIES            |    4.56 |
| OFFICE SUPPLIES  | BINDERS AND BINDER ACCESSORIES |    3.46 |
| OFFICE SUPPLIES  | LABELS                         |    1.32 |
| OFFICE SUPPLIES  | RUBBER BANDS                   |   -0.71 |
| TECHNOLOGY       | COMPUTER PERIPHERALS           |  -27.13 |
| OFFICE SUPPLIES  | SCISSORS, RULERS AND TRIMMERS  |  -30.51 |
| FURNITURE        | OFFICE FURNISHINGS             | -103.48 |
| FURNITURE        | BOOKCASES                      | -317.48 |
| FURNITURE        | TABLES                         | -693.23 |
| OFFICE SUPPLIES  | STORAGE & ORGANIZATION         | -929.68 |
+------------------+--------------------------------+---------+
17 rows in set (0.04 sec)

+-----------------------+-----------------+-----------------------+
| Region                | no_of_shipments | profit_in_each_region |
+-----------------------+-----------------+-----------------------+
| PRARIE                |             117 |    14214.199999999995 |
| WEST                  |              99 |    11963.399999999998 |
| ONTARIO               |             108 |     5432.710000000005 |
| YUKON                 |              43 |    -629.1899999999989 |
| NUNAVUT               |               4 |               -1206.7 |
| NORTHWEST TERRITORIES |              31 |   -2708.3700000000013 |
| QUEBEC                |              60 |   -3123.1700000000005 |
| ATLANTIC              |              63 |             -10343.39 |
+-----------------------+-----------------+-----------------------+
8 rows in set (0.04 sec)

